#-----------------------------------------------------------
# Vivado v2023.2 (64-bit)
# SW Build 4029153 on Fri Oct 13 20:13:54 MDT 2023
# IP Build 4028589 on Sat Oct 14 00:45:43 MDT 2023
# SharedData Build 4025554 on Tue Oct 10 17:18:54 MDT 2023
# Start of session at: Mon May  6 16:19:47 2024
# Process ID: 5228
# Current directory: /xilinxworks/sysgen/notch_panda/netlist/ip/iir2mc/src
# Command line: vivado -mode batch -source ProjectGeneration.tcl -notrace
# Log file: /xilinxworks/sysgen/notch_panda/netlist/ip/iir2mc/src/vivado.log
# Journal file: /xilinxworks/sysgen/notch_panda/netlist/ip/iir2mc/src/vivado.jou
# Running On: ub2020p4p3vm, OS: Linux, CPU Frequency: 1992.001 MHz, CPU Physical cores: 3, Host memory: 10437 MB
#-----------------------------------------------------------
source ProjectGeneration.tcl -notrace
create_project: Time (s): cpu = 00:00:08 ; elapsed = 00:00:08 . Memory (MB): peak = 1343.926 ; gain = 36.836 ; free physical = 138 ; free virtual = 24559
WARNING: [Coretcl 2-176] No IPs found
INFO: [IP_Flow 19-234] Refreshing IP repositories
INFO: [IP_Flow 19-1704] No user IP repositories specified
INFO: [IP_Flow 19-2313] Loaded Vivado IP repository '/tools/Xilinx/Vivado/2023.2/data/ip'.
WARNING: [Vivado 12-3523] Attempt to change 'Component_Name' from 'iir2mc_floating_point_v7_1_i0' to 'iir2mc_floating_point_v7_1_i0' is not allowed and is ignored.
WARNING: [IP_Flow 19-3374] An attempt to modify the value of disabled parameter 'C_BRAM_Usage' from 'No_Usage' to 'Full_Usage' has been ignored for IP 'iir2mc_floating_point_v7_1_i0'
WARNING: [Vivado 12-3523] Attempt to change 'Component_Name' from 'iir2mc_floating_point_v7_1_i1' to 'iir2mc_floating_point_v7_1_i1' is not allowed and is ignored.
WARNING: [IP_Flow 19-3374] An attempt to modify the value of disabled parameter 'C_BRAM_Usage' from 'No_Usage' to 'Full_Usage' has been ignored for IP 'iir2mc_floating_point_v7_1_i1'
WARNING: [Vivado 12-3523] Attempt to change 'Component_Name' from 'iir2mc_floating_point_v7_1_i2' to 'iir2mc_floating_point_v7_1_i2' is not allowed and is ignored.
WARNING: [IP_Flow 19-3374] An attempt to modify the value of disabled parameter 'C_BRAM_Usage' from 'No_Usage' to 'Full_Usage' has been ignored for IP 'iir2mc_floating_point_v7_1_i2'
WARNING: [Vivado 12-3523] Attempt to change 'Component_Name' from 'iir2mc_floating_point_v7_1_i3' to 'iir2mc_floating_point_v7_1_i3' is not allowed and is ignored.
WARNING: [IP_Flow 19-3374] An attempt to modify the value of disabled parameter 'C_BRAM_Usage' from 'No_Usage' to 'Full_Usage' has been ignored for IP 'iir2mc_floating_point_v7_1_i3'
WARNING: [Vivado 12-3523] Attempt to change 'Component_Name' from 'iir2mc_floating_point_v7_1_i4' to 'iir2mc_floating_point_v7_1_i4' is not allowed and is ignored.
WARNING: [IP_Flow 19-3374] An attempt to modify the value of disabled parameter 'C_BRAM_Usage' from 'No_Usage' to 'Full_Usage' has been ignored for IP 'iir2mc_floating_point_v7_1_i4'
IP Repository Located at : /tools/Xilinx/Vivado/2023.2/data/ip
Scanning sources...
Finished scanning sources
INFO: [IP_Flow 19-234] Refreshing IP repositories
INFO: [IP_Flow 19-1704] No user IP repositories specified
INFO: [IP_Flow 19-2313] Loaded Vivado IP repository '/tools/Xilinx/Vivado/2023.2/data/ip'.
Adding File /xilinxworks/sysgen/notch_panda/netlist/ip/iir2mc/src/ip_catalog/iir2mc.srcs/sources_1/ip/iir2mc_floating_point_v7_1_i0/iir2mc_floating_point_v7_1_i0.xci
Adding File /xilinxworks/sysgen/notch_panda/netlist/ip/iir2mc/src/ip_catalog/iir2mc.srcs/sources_1/ip/iir2mc_floating_point_v7_1_i1/iir2mc_floating_point_v7_1_i1.xci
Adding File /xilinxworks/sysgen/notch_panda/netlist/ip/iir2mc/src/ip_catalog/iir2mc.srcs/sources_1/ip/iir2mc_floating_point_v7_1_i2/iir2mc_floating_point_v7_1_i2.xci
Adding File /xilinxworks/sysgen/notch_panda/netlist/ip/iir2mc/src/ip_catalog/iir2mc.srcs/sources_1/ip/iir2mc_floating_point_v7_1_i3/iir2mc_floating_point_v7_1_i3.xci
Adding File /xilinxworks/sysgen/notch_panda/netlist/ip/iir2mc/src/ip_catalog/iir2mc.srcs/sources_1/ip/iir2mc_floating_point_v7_1_i4/iir2mc_floating_point_v7_1_i4.xci
Adding File /xilinxworks/sysgen/notch_panda/netlist/ip/iir2mc/src/sysgen/iir2mc.xdc
WARNING: [IP_Flow 19-5661] Bus Interface 'clk' does not have any bus interfaces associated with it.
WARNING: [IP_Flow 19-11770] Clock interface 'clk' has no FREQ_HZ parameter.
WARNING: [IP_Flow 19-3480] slave: Portmap direction mismatched between component port 'ce_output' and definition port 'DATA'.
WARNING: [IP_Flow 19-3480] slave: Portmap direction mismatched between component port 'out_x0' and definition port 'DATA'.
INFO: [IP_Flow 19-2181] Payment Required is not set for this core.
INFO: [IP_Flow 19-2187] The Product Guide file is missing.
INFO: [Ipptcl 7-1486] check_integrity: Integrity check passed.
INFO: [IP_Flow 19-234] Refreshing IP repositories
INFO: [IP_Flow 19-1700] Loaded user IP repository '/xilinxworks/sysgen/notch_panda/netlist/ip/iir2mc/src/ip'.
WARNING: [IP_Flow 19-3656] If you move the project, the path for repository '/xilinxworks/sysgen/notch_panda/netlist/ip/iir2mc/src/ip' may become invalid. A better location for the repository would be in a path adjacent to the project. (Current project location is '/xilinxworks/sysgen/notch_panda/netlist/ip/iir2mc/src/ip_catalog'.)
0
Wrote  : </xilinxworks/sysgen/notch_panda/netlist/ip/iir2mc/src/ip_catalog/iir2mc.srcs/sources_1/bd/iir2mc_bd/iir2mc_bd.bd> 
WARNING: [BD 5-232] No interface pins matched 'get_bd_intf_pins /iir2mc_1/*'
WARNING: [BD 5-232] No interface pins matched 'get_bd_intf_pins /iir2mc_1/*'
WARNING: [BD 5-670] It is required to provide a frequency value for a user created input clock port. Please use the <-freq_hz $freq_val> argument of the create_bd_port command. ie create_bd_port -dir I -type clk -freq_hz 100000000 clkin
WARNING: [BD 5-232] No interface pins matched 'get_bd_intf_pins /iir2mc_1/*'
Wrote  : </xilinxworks/sysgen/notch_panda/netlist/ip/iir2mc/src/ip_catalog/iir2mc.srcs/sources_1/bd/iir2mc_bd/iir2mc_bd.bd> 
CRITICAL WARNING: [filemgmt 20-1702] Unable to set property on the file: /xilinxworks/sysgen/notch_panda/netlist/ip/iir2mc/src/ip_catalog/iir2mc.gen/sources_1/bd/iir2mc_bd/synth/iir2mc_bd.vhd
File is managed as part of sub-design (IP, Block Design, DSP Design, etc.) file: /xilinxworks/sysgen/notch_panda/netlist/ip/iir2mc/src/ip_catalog/iir2mc.srcs/sources_1/bd/iir2mc_bd/iir2mc_bd.bd
CRITICAL WARNING: [filemgmt 20-1702] Unable to set property on the file: /xilinxworks/sysgen/notch_panda/netlist/ip/iir2mc/src/ip_catalog/iir2mc.gen/sources_1/bd/iir2mc_bd/sim/iir2mc_bd.vhd
File is managed as part of sub-design (IP, Block Design, DSP Design, etc.) file: /xilinxworks/sysgen/notch_panda/netlist/ip/iir2mc/src/ip_catalog/iir2mc.srcs/sources_1/bd/iir2mc_bd/iir2mc_bd.bd
INFO: Setting More Options property of synthesis to -mode out_of_context.
INFO: To enable analysis of IP Catalog flow results the top module is set to iir2mc_stub.
INFO: SG_Analyzer -- Running synth_1 ...
INFO: [BD 41-1662] The design 'iir2mc_bd.bd' is already validated. Therefore parameter propagation will not be re-run.
VHDL Output written to : /xilinxworks/sysgen/notch_panda/netlist/ip/iir2mc/src/ip_catalog/iir2mc.gen/sources_1/bd/iir2mc_bd/synth/iir2mc_bd.vhd
VHDL Output written to : /xilinxworks/sysgen/notch_panda/netlist/ip/iir2mc/src/ip_catalog/iir2mc.gen/sources_1/bd/iir2mc_bd/sim/iir2mc_bd.vhd
VHDL Output written to : /xilinxworks/sysgen/notch_panda/netlist/ip/iir2mc/src/ip_catalog/iir2mc.gen/sources_1/bd/iir2mc_bd/hdl/iir2mc_bd_wrapper.vhd
INFO: [BD 41-1029] Generation completed for the IP Integrator block iir2mc_1 .
Exporting to file /xilinxworks/sysgen/notch_panda/netlist/ip/iir2mc/src/ip_catalog/iir2mc.gen/sources_1/bd/iir2mc_bd/hw_handoff/iir2mc_bd.hwh
Generated Hardware Definition File /xilinxworks/sysgen/notch_panda/netlist/ip/iir2mc/src/ip_catalog/iir2mc.gen/sources_1/bd/iir2mc_bd/synth/iir2mc_bd.hwdef
INFO: [IP_Flow 19-6924] IPCACHE: Running cache check for IP inst: iir2mc_bd_iir2mc_1_0
WARNING: [Vivado 12-7122] Auto Incremental Compile:: No reference checkpoint was found in run synth_1. Auto-incremental flow will not be run, the standard flow will be run instead.
[Mon May  6 16:20:43 2024] Launched iir2mc_bd_iir2mc_1_0_synth_1...
Run output will be captured here: /xilinxworks/sysgen/notch_panda/netlist/ip/iir2mc/src/ip_catalog/iir2mc.runs/iir2mc_bd_iir2mc_1_0_synth_1/runme.log
[Mon May  6 16:20:43 2024] Launched synth_1...
Run output will be captured here: /xilinxworks/sysgen/notch_panda/netlist/ip/iir2mc/src/ip_catalog/iir2mc.runs/synth_1/runme.log
launch_runs: Time (s): cpu = 00:00:13 ; elapsed = 00:00:14 . Memory (MB): peak = 1690.957 ; gain = 17.809 ; free physical = 239 ; free virtual = 24279
[Mon May  6 16:20:43 2024] Waiting for synth_1 to finish...

*** Running vivado
    with args -log iir2mc_bd_wrapper.vds -m64 -product Vivado -mode batch -messageDb vivado.pb -notrace -source iir2mc_bd_wrapper.tcl


****** Vivado v2023.2 (64-bit)
  **** SW Build 4029153 on Fri Oct 13 20:13:54 MDT 2023
  **** IP Build 4028589 on Sat Oct 14 00:45:43 MDT 2023
  **** SharedData Build 4025554 on Tue Oct 10 17:18:54 MDT 2023
    ** Copyright 1986-2022 Xilinx, Inc. All Rights Reserved.
    ** Copyright 2022-2023 Advanced Micro Devices, Inc. All Rights Reserved.

source iir2mc_bd_wrapper.tcl -notrace
create_project: Time (s): cpu = 00:00:12 ; elapsed = 00:00:12 . Memory (MB): peak = 1343.383 ; gain = 20.836 ; free physical = 1286 ; free virtual = 23971
INFO: [IP_Flow 19-234] Refreshing IP repositories
INFO: [IP_Flow 19-1700] Loaded user IP repository '/xilinxworks/sysgen/notch_panda/netlist/ip/iir2mc/src/ip'.
WARNING: [IP_Flow 19-3656] If you move the project, the path for repository '/xilinxworks/sysgen/notch_panda/netlist/ip/iir2mc/src/ip' may become invalid. A better location for the repository would be in a path adjacent to the project. (Current project location is '/xilinxworks/sysgen/notch_panda/netlist/ip/iir2mc/src/ip_catalog/iir2mc.runs/synth_1'.)
INFO: [IP_Flow 19-2313] Loaded Vivado IP repository '/tools/Xilinx/Vivado/2023.2/data/ip'.
Command: synth_design -top iir2mc_bd_wrapper -part xc7z030sbg485-1 -mode out_of_context
Starting synth_design
Attempting to get a license for feature 'Synthesis' and/or device 'xc7z030'
INFO: [Common 17-349] Got license for feature 'Synthesis' and/or device 'xc7z030'
INFO: [Device 21-403] Loading part xc7z030sbg485-1
INFO: [Synth 8-7079] Multithreading enabled for synth_design using a maximum of 4 processes.
INFO: [Synth 8-7078] Launching helper process for spawning children vivado processes
INFO: [Synth 8-7075] Helper process launched with PID 5514
---------------------------------------------------------------------------------
Starting RTL Elaboration : Time (s): cpu = 00:00:07 ; elapsed = 00:00:08 . Memory (MB): peak = 2133.441 ; gain = 405.715 ; free physical = 185 ; free virtual = 22899
---------------------------------------------------------------------------------
INFO: [Synth 8-638] synthesizing module 'iir2mc_bd_wrapper' [/xilinxworks/sysgen/notch_panda/netlist/ip/iir2mc/src/ip_catalog/iir2mc.srcs/sources_1/imports/hdl/iir2mc_bd_wrapper.vhd:32]
INFO: [Synth 8-3491] module 'iir2mc_bd' declared at '/xilinxworks/sysgen/notch_panda/netlist/ip/iir2mc/src/ip_catalog/iir2mc.gen/sources_1/bd/iir2mc_bd/synth/iir2mc_bd.vhd:15' bound to instance 'iir2mc_bd_i' of component 'iir2mc_bd' [/xilinxworks/sysgen/notch_panda/netlist/ip/iir2mc/src/ip_catalog/iir2mc.srcs/sources_1/imports/hdl/iir2mc_bd_wrapper.vhd:50]
INFO: [Synth 8-638] synthesizing module 'iir2mc_bd' [/xilinxworks/sysgen/notch_panda/netlist/ip/iir2mc/src/ip_catalog/iir2mc.gen/sources_1/bd/iir2mc_bd/synth/iir2mc_bd.vhd:36]
INFO: [Synth 8-3491] module 'iir2mc_bd_iir2mc_1_0' declared at '/xilinxworks/sysgen/notch_panda/netlist/ip/iir2mc/src/ip_catalog/iir2mc.runs/synth_1/.Xil/Vivado-5508-ub2020p4p3vm/realtime/iir2mc_bd_iir2mc_1_0_stub.vhdl:6' bound to instance 'iir2mc_1' of component 'iir2mc_bd_iir2mc_1_0' [/xilinxworks/sysgen/notch_panda/netlist/ip/iir2mc/src/ip_catalog/iir2mc.gen/sources_1/bd/iir2mc_bd/synth/iir2mc_bd.vhd:104]
INFO: [Synth 8-638] synthesizing module 'iir2mc_bd_iir2mc_1_0' [/xilinxworks/sysgen/notch_panda/netlist/ip/iir2mc/src/ip_catalog/iir2mc.runs/synth_1/.Xil/Vivado-5508-ub2020p4p3vm/realtime/iir2mc_bd_iir2mc_1_0_stub.vhdl:24]
INFO: [Synth 8-256] done synthesizing module 'iir2mc_bd' (0#1) [/xilinxworks/sysgen/notch_panda/netlist/ip/iir2mc/src/ip_catalog/iir2mc.gen/sources_1/bd/iir2mc_bd/synth/iir2mc_bd.vhd:36]
INFO: [Synth 8-256] done synthesizing module 'iir2mc_bd_wrapper' (0#1) [/xilinxworks/sysgen/notch_panda/netlist/ip/iir2mc/src/ip_catalog/iir2mc.srcs/sources_1/imports/hdl/iir2mc_bd_wrapper.vhd:32]
---------------------------------------------------------------------------------
Finished RTL Elaboration : Time (s): cpu = 00:00:09 ; elapsed = 00:00:10 . Memory (MB): peak = 2223.410 ; gain = 495.684 ; free physical = 130 ; free virtual = 22820
---------------------------------------------------------------------------------
---------------------------------------------------------------------------------
Start Handling Custom Attributes
---------------------------------------------------------------------------------
---------------------------------------------------------------------------------
Finished Handling Custom Attributes : Time (s): cpu = 00:00:09 ; elapsed = 00:00:10 . Memory (MB): peak = 2238.254 ; gain = 510.527 ; free physical = 133 ; free virtual = 22818
---------------------------------------------------------------------------------
---------------------------------------------------------------------------------
Finished RTL Optimization Phase 1 : Time (s): cpu = 00:00:09 ; elapsed = 00:00:10 . Memory (MB): peak = 2238.254 ; gain = 510.527 ; free physical = 133 ; free virtual = 22818
---------------------------------------------------------------------------------
Netlist sorting complete. Time (s): cpu = 00:00:00 ; elapsed = 00:00:00 . Memory (MB): peak = 2238.254 ; gain = 0.000 ; free physical = 133 ; free virtual = 22818
INFO: [Project 1-570] Preparing netlist for logic optimization

Processing XDC Constraints
Initializing timing engine
Parsing XDC File [/xilinxworks/sysgen/notch_panda/netlist/ip/iir2mc/src/ip_catalog/iir2mc.gen/sources_1/bd/iir2mc_bd/ip/iir2mc_bd_iir2mc_1_0/iir2mc_bd_iir2mc_1_0/iir2mc_bd_iir2mc_1_0_in_context.xdc] for cell 'iir2mc_bd_i/iir2mc_1'
Finished Parsing XDC File [/xilinxworks/sysgen/notch_panda/netlist/ip/iir2mc/src/ip_catalog/iir2mc.gen/sources_1/bd/iir2mc_bd/ip/iir2mc_bd_iir2mc_1_0/iir2mc_bd_iir2mc_1_0/iir2mc_bd_iir2mc_1_0_in_context.xdc] for cell 'iir2mc_bd_i/iir2mc_1'
Parsing XDC File [/xilinxworks/sysgen/notch_panda/netlist/ip/iir2mc/src/ip_catalog/iir2mc.srcs/constrs_1/imports/sysgen/iir2mc_clock.xdc]
Finished Parsing XDC File [/xilinxworks/sysgen/notch_panda/netlist/ip/iir2mc/src/ip_catalog/iir2mc.srcs/constrs_1/imports/sysgen/iir2mc_clock.xdc]
Parsing XDC File [/xilinxworks/sysgen/notch_panda/netlist/ip/iir2mc/src/ip_catalog/iir2mc.srcs/constrs_1/imports/sysgen/iir2mc.xdc]
WARNING: [Vivado 12-508] No pins matched 'iir2mc_default_clock_driver/clockdriver/pipelined_ce.ce_pipeline[1].ce_reg/latency_gt_0.fd_array[1].reg_comp/fd_prim_array[0].bit_is_0.fdre_comp/Q'. [/xilinxworks/sysgen/notch_panda/netlist/ip/iir2mc/src/ip_catalog/iir2mc.srcs/constrs_1/imports/sysgen/iir2mc.xdc:2]
WARNING: [Vivado 12-830] No fanout objects found for 'all_fanout -flat -endpoints [get_pins {iir2mc_default_clock_driver/clockdriver/pipelined_ce.ce_pipeline[1].ce_reg/latency_gt_0.fd_array[1].reg_comp/fd_prim_array[0].bit_is_0.fdre_comp/Q}]'. [/xilinxworks/sysgen/notch_panda/netlist/ip/iir2mc/src/ip_catalog/iir2mc.srcs/constrs_1/imports/sysgen/iir2mc.xdc:2]
WARNING: [Vivado 12-180] No cells matched 'get_cells -of [filter [all_fanout -flat -endpoints [get_pins {iir2mc_default_clock_driver/clockdriver/pipelined_ce.ce_pipeline[1].ce_reg/latency_gt_0.fd_array[1].reg_comp/fd_prim_array[0].bit_is_0.fdre_comp/Q}]] IS_ENABLE]'. [/xilinxworks/sysgen/notch_panda/netlist/ip/iir2mc/src/ip_catalog/iir2mc.srcs/constrs_1/imports/sysgen/iir2mc.xdc:2]
WARNING: [Designutils 20-1567] Use of 'set_multicycle_path' with '-hold' is not supported by synthesis. The constraint will not be passed to synthesis. [/xilinxworks/sysgen/notch_panda/netlist/ip/iir2mc/src/ip_catalog/iir2mc.srcs/constrs_1/imports/sysgen/iir2mc.xdc:4]
Finished Parsing XDC File [/xilinxworks/sysgen/notch_panda/netlist/ip/iir2mc/src/ip_catalog/iir2mc.srcs/constrs_1/imports/sysgen/iir2mc.xdc]
WARNING: [Project 1-498] One or more constraints failed evaluation while reading constraint file [/xilinxworks/sysgen/notch_panda/netlist/ip/iir2mc/src/ip_catalog/iir2mc.srcs/constrs_1/imports/sysgen/iir2mc.xdc] and the design contains unresolved black boxes. These constraints will be read post-synthesis (as long as their source constraint file is marked as used_in_implementation) and should be applied correctly then. You should review the constraints listed in the file [.Xil/iir2mc_bd_wrapper_propImpl.xdc] and check the run log file to verify that these constraints were correctly applied.
INFO: [Project 1-236] Implementation specific constraints were found while reading constraint file [/xilinxworks/sysgen/notch_panda/netlist/ip/iir2mc/src/ip_catalog/iir2mc.srcs/constrs_1/imports/sysgen/iir2mc.xdc]. These constraints will be ignored for synthesis but will be used in implementation. Impacted constraints are listed in the file [.Xil/iir2mc_bd_wrapper_propImpl.xdc].
Resolution: To avoid this warning, move constraints listed in [.Xil/iir2mc_bd_wrapper_propImpl.xdc] to another XDC file and exclude this new file from synthesis with the used_in_synthesis property (File Properties dialog in GUI) and re-run elaboration/synthesis.
Parsing XDC File [/xilinxworks/sysgen/notch_panda/netlist/ip/iir2mc/src/ip_catalog/iir2mc.runs/synth_1/dont_touch.xdc]
Finished Parsing XDC File [/xilinxworks/sysgen/notch_panda/netlist/ip/iir2mc/src/ip_catalog/iir2mc.runs/synth_1/dont_touch.xdc]
Completed Processing XDC Constraints

Netlist sorting complete. Time (s): cpu = 00:00:00 ; elapsed = 00:00:00 . Memory (MB): peak = 2271.172 ; gain = 0.000 ; free physical = 136 ; free virtual = 22804
INFO: [Project 1-111] Unisim Transformation Summary:
No Unisim elements were transformed.

Constraint Validation Runtime : Time (s): cpu = 00:00:00.01 ; elapsed = 00:00:00.01 . Memory (MB): peak = 2271.207 ; gain = 0.000 ; free physical = 136 ; free virtual = 22804
---------------------------------------------------------------------------------
Finished Constraint Validation : Time (s): cpu = 00:00:16 ; elapsed = 00:00:18 . Memory (MB): peak = 2271.207 ; gain = 543.480 ; free physical = 133 ; free virtual = 22802
---------------------------------------------------------------------------------
---------------------------------------------------------------------------------
Start Loading Part and Timing Information
---------------------------------------------------------------------------------
Loading part: xc7z030sbg485-1
---------------------------------------------------------------------------------
Finished Loading Part and Timing Information : Time (s): cpu = 00:00:16 ; elapsed = 00:00:18 . Memory (MB): peak = 2271.207 ; gain = 543.480 ; free physical = 133 ; free virtual = 22802
---------------------------------------------------------------------------------
---------------------------------------------------------------------------------
Start Applying 'set_property' XDC Constraints
---------------------------------------------------------------------------------
Applied set_property KEEP_HIERARCHY = SOFT for iir2mc_bd_i. (constraint file  auto generated constraint).
Applied set_property KEEP_HIERARCHY = SOFT for iir2mc_bd_i/iir2mc_1. (constraint file  auto generated constraint).
---------------------------------------------------------------------------------
Finished applying 'set_property' XDC Constraints : Time (s): cpu = 00:00:16 ; elapsed = 00:00:18 . Memory (MB): peak = 2271.207 ; gain = 543.480 ; free physical = 133 ; free virtual = 22802
---------------------------------------------------------------------------------
---------------------------------------------------------------------------------
Finished RTL Optimization Phase 2 : Time (s): cpu = 00:00:16 ; elapsed = 00:00:18 . Memory (MB): peak = 2271.207 ; gain = 543.480 ; free physical = 132 ; free virtual = 22801
---------------------------------------------------------------------------------
---------------------------------------------------------------------------------
Start RTL Component Statistics 
---------------------------------------------------------------------------------
Detailed RTL Component Info : 
---------------------------------------------------------------------------------
Finished RTL Component Statistics 
---------------------------------------------------------------------------------
---------------------------------------------------------------------------------
Start Part Resource Summary
---------------------------------------------------------------------------------
Part Resources:
DSPs: 400 (col length:80)
BRAMs: 530 (col length: RAMB18 80 RAMB36 40)
---------------------------------------------------------------------------------
Finished Part Resource Summary
---------------------------------------------------------------------------------
---------------------------------------------------------------------------------
Start Cross Boundary and Area Optimization
---------------------------------------------------------------------------------
WARNING: [Synth 8-7080] Parallel synthesis criteria is not met
---------------------------------------------------------------------------------
Finished Cross Boundary and Area Optimization : Time (s): cpu = 00:00:18 ; elapsed = 00:00:19 . Memory (MB): peak = 2271.207 ; gain = 543.480 ; free physical = 132 ; free virtual = 22801
---------------------------------------------------------------------------------
---------------------------------------------------------------------------------
Start Applying XDC Timing Constraints
---------------------------------------------------------------------------------
---------------------------------------------------------------------------------
Finished Applying XDC Timing Constraints : Time (s): cpu = 00:00:23 ; elapsed = 00:00:24 . Memory (MB): peak = 2271.207 ; gain = 543.480 ; free physical = 132 ; free virtual = 22801
---------------------------------------------------------------------------------
---------------------------------------------------------------------------------
Start Timing Optimization
---------------------------------------------------------------------------------
---------------------------------------------------------------------------------
Finished Timing Optimization : Time (s): cpu = 00:00:23 ; elapsed = 00:00:24 . Memory (MB): peak = 2271.207 ; gain = 543.480 ; free physical = 132 ; free virtual = 22801
---------------------------------------------------------------------------------
---------------------------------------------------------------------------------
Start Technology Mapping
---------------------------------------------------------------------------------
---------------------------------------------------------------------------------
Finished Technology Mapping : Time (s): cpu = 00:00:23 ; elapsed = 00:00:24 . Memory (MB): peak = 2271.207 ; gain = 543.480 ; free physical = 132 ; free virtual = 22801
---------------------------------------------------------------------------------
---------------------------------------------------------------------------------
Start IO Insertion
---------------------------------------------------------------------------------
---------------------------------------------------------------------------------
Start Flattening Before IO Insertion
---------------------------------------------------------------------------------
---------------------------------------------------------------------------------
Finished Flattening Before IO Insertion
---------------------------------------------------------------------------------
---------------------------------------------------------------------------------
Start Final Netlist Cleanup
---------------------------------------------------------------------------------
---------------------------------------------------------------------------------
Finished Final Netlist Cleanup
---------------------------------------------------------------------------------
---------------------------------------------------------------------------------
Finished IO Insertion : Time (s): cpu = 00:00:28 ; elapsed = 00:00:29 . Memory (MB): peak = 2271.207 ; gain = 543.480 ; free physical = 132 ; free virtual = 22801
---------------------------------------------------------------------------------
---------------------------------------------------------------------------------
Start Renaming Generated Instances
---------------------------------------------------------------------------------
---------------------------------------------------------------------------------
Finished Renaming Generated Instances : Time (s): cpu = 00:00:28 ; elapsed = 00:00:29 . Memory (MB): peak = 2271.207 ; gain = 543.480 ; free physical = 132 ; free virtual = 22801
---------------------------------------------------------------------------------
---------------------------------------------------------------------------------
Start Rebuilding User Hierarchy
---------------------------------------------------------------------------------
---------------------------------------------------------------------------------
Finished Rebuilding User Hierarchy : Time (s): cpu = 00:00:28 ; elapsed = 00:00:29 . Memory (MB): peak = 2271.207 ; gain = 543.480 ; free physical = 132 ; free virtual = 22801
---------------------------------------------------------------------------------
---------------------------------------------------------------------------------
Start Renaming Generated Ports
---------------------------------------------------------------------------------
---------------------------------------------------------------------------------
Finished Renaming Generated Ports : Time (s): cpu = 00:00:28 ; elapsed = 00:00:29 . Memory (MB): peak = 2271.207 ; gain = 543.480 ; free physical = 132 ; free virtual = 22801
---------------------------------------------------------------------------------
---------------------------------------------------------------------------------
Start Handling Custom Attributes
---------------------------------------------------------------------------------
---------------------------------------------------------------------------------
Finished Handling Custom Attributes : Time (s): cpu = 00:00:28 ; elapsed = 00:00:29 . Memory (MB): peak = 2271.207 ; gain = 543.480 ; free physical = 132 ; free virtual = 22801
---------------------------------------------------------------------------------
---------------------------------------------------------------------------------
Start Renaming Generated Nets
---------------------------------------------------------------------------------
---------------------------------------------------------------------------------
Finished Renaming Generated Nets : Time (s): cpu = 00:00:28 ; elapsed = 00:00:29 . Memory (MB): peak = 2271.207 ; gain = 543.480 ; free physical = 132 ; free virtual = 22801
---------------------------------------------------------------------------------
---------------------------------------------------------------------------------
Start Writing Synthesis Report
---------------------------------------------------------------------------------

Report BlackBoxes: 
+------+---------------------+----------+
|      |BlackBox name        |Instances |
+------+---------------------+----------+
|1     |iir2mc_bd_iir2mc_1_0 |         1|
+------+---------------------+----------+

Report Cell Usage: 
+------+--------------------------+------+
|      |Cell                      |Count |
+------+--------------------------+------+
|1     |iir2mc_bd_iir2mc_1_0_bbox |     1|
+------+--------------------------+------+
---------------------------------------------------------------------------------
Finished Writing Synthesis Report : Time (s): cpu = 00:00:28 ; elapsed = 00:00:29 . Memory (MB): peak = 2271.207 ; gain = 543.480 ; free physical = 132 ; free virtual = 22801
---------------------------------------------------------------------------------
Synthesis finished with 0 errors, 0 critical warnings and 1 warnings.
Synthesis Optimization Runtime : Time (s): cpu = 00:00:26 ; elapsed = 00:00:27 . Memory (MB): peak = 2271.207 ; gain = 510.527 ; free physical = 132 ; free virtual = 22801
Synthesis Optimization Complete : Time (s): cpu = 00:00:28 ; elapsed = 00:00:29 . Memory (MB): peak = 2271.207 ; gain = 543.480 ; free physical = 132 ; free virtual = 22801
INFO: [Project 1-571] Translating synthesized netlist
Netlist sorting complete. Time (s): cpu = 00:00:00 ; elapsed = 00:00:00 . Memory (MB): peak = 2271.207 ; gain = 0.000 ; free physical = 132 ; free virtual = 22801
INFO: [Project 1-570] Preparing netlist for logic optimization
INFO: [Opt 31-138] Pushed 0 inverter(s) to 0 load pin(s).
Netlist sorting complete. Time (s): cpu = 00:00:00 ; elapsed = 00:00:00 . Memory (MB): peak = 2271.207 ; gain = 0.000 ; free physical = 402 ; free virtual = 23071
INFO: [Project 1-111] Unisim Transformation Summary:
No Unisim elements were transformed.

Synth Design complete | Checksum: df5d04a3
INFO: [Common 17-83] Releasing license: Synthesis
23 Infos, 7 Warnings, 0 Critical Warnings and 0 Errors encountered.
synth_design completed successfully
synth_design: Time (s): cpu = 00:00:41 ; elapsed = 00:00:39 . Memory (MB): peak = 2271.207 ; gain = 917.918 ; free physical = 402 ; free virtual = 23071
INFO: [Common 17-2834] synth_design peak Physical Memory [PSS] (MB): overall = 1841.391; main = 1516.863; forked = 351.378
INFO: [Common 17-2834] synth_design peak Virtual Memory [VSS] (MB): overall = 3276.105; main = 2271.176; forked = 1004.930
INFO: [Common 17-1381] The checkpoint '/xilinxworks/sysgen/notch_panda/netlist/ip/iir2mc/src/ip_catalog/iir2mc.runs/synth_1/iir2mc_bd_wrapper.dcp' has been generated.
INFO: [runtcl-4] Executing : report_utilization -file iir2mc_bd_wrapper_utilization_synth.rpt -pb iir2mc_bd_wrapper_utilization_synth.pb
INFO: [Common 17-206] Exiting Vivado at Mon May  6 16:23:25 2024...
[Mon May  6 16:23:29 2024] synth_1 finished
wait_on_runs: Time (s): cpu = 00:02:39 ; elapsed = 00:02:46 . Memory (MB): peak = 1690.957 ; gain = 0.000 ; free physical = 1748 ; free virtual = 24416
INFO: SG_Analyzer -- Timing paths data will be collected from the post-synthesis design ...
INFO: [Timing 38-35] Done setting XDC timing constraints.
WARNING: [Timing 38-242] The property HD.CLK_SRC of clock port "clk" is not set. In out-of-context mode, this prevents timing estimation for clock delay/skew
Resolution: Set the HD.CLK_SRC property of the out-of-context port to the location of the clock buffer instance in the top-level design
WARNING: [Common 17-673] Cannot get value of property 'ULTRA_RAMS' because this property is not valid in conjunction with other property setting on this object.
WARNING: [Vivado 12-180] No cells matched 'iir2mc_bd_i/iir2mc_1/U0/iir2mc_struct/clock_enable_probe/*'.
WARNING: [Vivado 12-180] No cells matched 'iir2mc_bd_i/iir2mc_1/U0/iir2mc_struct/convert1/comp0.core_instance0/inst/i_synth/FIX_TO_FLT_OP.SPD.OP/OP/*'.
INFO: Setting More Options property of synthesis to empty string.
INFO: For IP Catalog flow the top module is reverted back to iir2mc_bd_wrapper after collecting results for analysis.
INFO: SG_Analyzer -- Collected Vivado timing paths and resource utilization information ...
INFO: [Common 17-206] Exiting Vivado at Mon May  6 16:23:55 2024...
